# JRE version: OpenJDK Runtime Environment (11.0.10) (build 11.0.10+0-b96-7249189)
# Java VM: OpenJDK 64-Bit Server VM (11.0.10+0-b96-7249189, mixed mode, tiered, compressed oops, g1 gc, windows-amd64)
Heap:
 garbage-first heap   total 794624K, used 286133K [0x0000000080000000, 0x0000000100000000)
  region size 1024K, 5 young (5120K), 5 survivors (5120K)
 Metaspace       used 115716K, capacity 118749K, committed 118988K, reserved 1153024K
  class space    used 14684K, capacity 15774K, committed 15820K, reserved 1048576K
GC Heap History (20 events):
Event: 16.709 GC heap after
{Heap after GC invocations=46 (full 0):
 garbage-first heap   total 336896K, used 155114K [0x0000000080000000, 0x0000000100000000)
  region size 1024K, 2 young (2048K), 2 survivors (2048K)
 Metaspace       used 101931K, capacity 104417K, committed 104524K, reserved 1140736K
  class space    used 12764K, capacity 13628K, committed 13644K, reserved 1048576K
}
Event: 16.720 GC heap before
{Heap before GC invocations=46 (full 0):
 garbage-first heap   total 336896K, used 162282K [0x0000000080000000, 0x0000000100000000)
  region size 1024K, 10 young (10240K), 2 survivors (2048K)
 Metaspace       used 101952K, capacity 104481K, committed 104524K, reserved 1140736K
  class space    used 12764K, capacity 13628K, committed 13644K, reserved 1048576K
}
Event: 16.723 GC heap after
{Heap after GC invocations=47 (full 0):
 garbage-first heap   total 336896K, used 154906K [0x0000000080000000, 0x0000000100000000)
  region size 1024K, 2 young (2048K), 2 survivors (2048K)
 Metaspace       used 101952K, capacity 104481K, committed 104524K, reserved 1140736K
  class space    used 12764K, capacity 13628K, committed 13644K, reserved 1048576K
}
Event: 17.281 GC heap before
{Heap before GC invocations=48 (full 0):
 garbage-first heap   total 336896K, used 230682K [0x0000000080000000, 0x0000000100000000)
  region size 1024K, 75 young (76800K), 2 survivors (2048K)
 Metaspace       used 104244K, capacity 106914K, committed 107212K, reserved 1142784K
  class space    used 13280K, capacity 14229K, committed 14284K, reserved 1048576K
}
Event: 17.318 GC heap after
{Heap after GC invocations=49 (full 0):
 garbage-first heap   total 336896K, used 170533K [0x0000000080000000, 0x0000000100000000)
  region size 1024K, 13 young (13312K), 13 survivors (13312K)
 Metaspace       used 104244K, capacity 106914K, committed 107212K, reserved 1142784K
  class space    used 13280K, capacity 14229K, committed 14284K, reserved 1048576K
}
Event: 17.611 GC heap before
{Heap before GC invocations=50 (full 0):
 garbage-first heap   total 336896K, used 260644K [0x0000000080000000, 0x0000000100000000)
  region size 1024K, 100 young (102400K), 13 survivors (13312K)
 Metaspace       used 104557K, capacity 107255K, committed 107468K, reserved 1142784K
  class space    used 13297K, capacity 14243K, committed 14284K, reserved 1048576K
}
Event: 17.656 GC heap after
{Heap after GC invocations=51 (full 0):
 garbage-first heap   total 336896K, used 212726K [0x0000000080000000, 0x0000000100000000)
  region size 1024K, 13 young (13312K), 13 survivors (13312K)
 Metaspace       used 104557K, capacity 107255K, committed 107468K, reserved 1142784K
  class space    used 13297K, capacity 14243K, committed 14284K, reserved 1048576K
}
Event: 17.665 GC heap before
{Heap before GC invocations=51 (full 0):
 garbage-first heap   total 336896K, used 214774K [0x0000000080000000, 0x0000000100000000)
  region size 1024K, 16 young (16384K), 13 survivors (13312K)
 Metaspace       used 104557K, capacity 107255K, committed 107468K, reserved 1142784K
  class space    used 13297K, capacity 14243K, committed 14284K, reserved 1048576K
}
Event: 17.681 GC heap after
{Heap after GC invocations=52 (full 0):
 garbage-first heap   total 336896K, used 215040K [0x0000000080000000, 0x0000000100000000)
  region size 1024K, 2 young (2048K), 2 survivors (2048K)
 Metaspace       used 104557K, capacity 107255K, committed 107468K, reserved 1142784K
  class space    used 13297K, capacity 14243K, committed 14284K, reserved 1048576K
}
Event: 17.945 GC heap before
{Heap before GC invocations=52 (full 0):
 garbage-first heap   total 336896K, used 265216K [0x0000000080000000, 0x0000000100000000)
  region size 1024K, 51 young (52224K), 2 survivors (2048K)
 Metaspace       used 106367K, capacity 109137K, committed 109388K, reserved 1144832K
  class space    used 13576K, capacity 14550K, committed 14668K, reserved 1048576K
}
Event: 17.965 GC heap after
{Heap after GC invocations=53 (full 0):
 garbage-first heap   total 553984K, used 234437K [0x0000000080000000, 0x0000000100000000)
  region size 1024K, 7 young (7168K), 7 survivors (7168K)
 Metaspace       used 106367K, capacity 109137K, committed 109388K, reserved 1144832K
  class space    used 13576K, capacity 14550K, committed 14668K, reserved 1048576K
}
Event: 19.110 GC heap before
{Heap before GC invocations=54 (full 0):
 garbage-first heap   total 553984K, used 356293K [0x0000000080000000, 0x0000000100000000)
  region size 1024K, 135 young (138240K), 7 survivors (7168K)
 Metaspace       used 107354K, capacity 110211K, committed 110412K, reserved 1144832K
  class space    used 13673K, capacity 14661K, committed 14668K, reserved 1048576K
}
Event: 19.169 GC heap after
{Heap after GC invocations=55 (full 0):
 garbage-first heap   total 553984K, used 240982K [0x0000000080000000, 0x0000000100000000)
  region size 1024K, 17 young (17408K), 17 survivors (17408K)
 Metaspace       used 107354K, capacity 110211K, committed 110412K, reserved 1144832K
  class space    used 13673K, capacity 14661K, committed 14668K, reserved 1048576K
}
Event: 19.278 GC heap before
{Heap before GC invocations=55 (full 0):
 garbage-first heap   total 553984K, used 256342K [0x0000000080000000, 0x0000000100000000)
  region size 1024K, 27 young (27648K), 17 survivors (17408K)
 Metaspace       used 107354K, capacity 110211K, committed 110412K, reserved 1144832K
  class space    used 13673K, capacity 14661K, committed 14668K, reserved 1048576K
}
Event: 19.325 GC heap after
{Heap after GC invocations=56 (full 0):
 garbage-first heap   total 553984K, used 236649K [0x0000000080000000, 0x0000000100000000)
  region size 1024K, 3 young (3072K), 3 survivors (3072K)
 Metaspace       used 107354K, capacity 110211K, committed 110412K, reserved 1144832K
  class space    used 13673K, capacity 14661K, committed 14668K, reserved 1048576K
}
Event: 20.477 GC heap before
{Heap before GC invocations=56 (full 0):
 garbage-first heap   total 553984K, used 407657K [0x0000000080000000, 0x0000000100000000)
  region size 1024K, 140 young (143360K), 3 survivors (3072K)
 Metaspace       used 108803K, capacity 111755K, committed 111948K, reserved 1146880K
  class space    used 13814K, capacity 14848K, committed 14924K, reserved 1048576K
}
Event: 20.489 GC heap after
{Heap after GC invocations=57 (full 0):
 garbage-first heap   total 553984K, used 265164K [0x0000000080000000, 0x0000000100000000)
  region size 1024K, 10 young (10240K), 10 survivors (10240K)
 Metaspace       used 108803K, capacity 111755K, committed 111948K, reserved 1146880K
  class space    used 13814K, capacity 14848K, committed 14924K, reserved 1048576K
}
Event: 20.753 GC heap before
{Heap before GC invocations=57 (full 0):
 garbage-first heap   total 553984K, used 422860K [0x0000000080000000, 0x0000000100000000)
  region size 1024K, 151 young (154624K), 10 survivors (10240K)
 Metaspace       used 109174K, capacity 112107K, committed 112204K, reserved 1146880K
  class space    used 13854K, capacity 14880K, committed 14924K, reserved 1048576K
}
Event: 20.771 GC heap after
{Heap after GC invocations=58 (full 0):
 garbage-first heap   total 553984K, used 298953K [0x0000000080000000, 0x0000000100000000)
  region size 1024K, 19 young (19456K), 19 survivors (19456K)
 Metaspace       used 109174K, capacity 112107K, committed 112204K, reserved 1146880K
  class space    used 13854K, capacity 14880K, committed 14924K, reserved 1048576K
}
Event: 21.836 GC heap before
{Heap before GC invocations=58 (full 0):
 garbage-first heap   total 553984K, used 430025K [0x0000000080000000, 0x0000000100000000)
  region size 1024K, 146 young (149504K), 19 survivors (19456K)
 Metaspace       used 115716K, capacity 118749K, committed 118988K, reserved 1153024K
  class space    used 14684K, capacity 15774K, committed 15820K, reserved 1048576K
}

