# JRE version: OpenJDK Runtime Environment (11.0.10) (build 11.0.10+0-b96-7249189)
# Java VM: OpenJDK 64-Bit Server VM (11.0.10+0-b96-7249189, mixed mode, tiered, compressed oops, g1 gc, windows-amd64)
Heap:
 garbage-first heap   total 316416K, used 160128K [0x0000000080000000, 0x0000000100000000)
  region size 1024K, 2 young (2048K), 2 survivors (2048K)
 Metaspace       used 125238K, capacity 129097K, committed 129280K, reserved 1161216K
  class space    used 15614K, capacity 17053K, committed 17152K, reserved 1048576K
GC Heap History (20 events):
Event: 19042.878 GC heap after
{Heap after GC invocations=101 (full 0):
 garbage-first heap   total 228352K, used 140953K [0x0000000080000000, 0x0000000100000000)
  region size 1024K, 7 young (7168K), 7 survivors (7168K)
 Metaspace       used 120367K, capacity 124247K, committed 124416K, reserved 1157120K
  class space    used 15204K, capacity 16587K, committed 16640K, reserved 1048576K
}
Event: 19042.943 GC heap before
{Heap before GC invocations=101 (full 0):
 garbage-first heap   total 228352K, used 145049K [0x0000000080000000, 0x0000000100000000)
  region size 1024K, 11 young (11264K), 7 survivors (7168K)
 Metaspace       used 120985K, capacity 124823K, committed 125056K, reserved 1157120K
  class space    used 15277K, capacity 16651K, committed 16768K, reserved 1048576K
}
Event: 19042.961 GC heap after
{Heap after GC invocations=102 (full 0):
 garbage-first heap   total 228352K, used 140052K [0x0000000080000000, 0x0000000100000000)
  region size 1024K, 2 young (2048K), 2 survivors (2048K)
 Metaspace       used 120985K, capacity 124823K, committed 125056K, reserved 1157120K
  class space    used 15277K, capacity 16651K, committed 16768K, reserved 1048576K
}
Event: 19043.218 GC heap before
{Heap before GC invocations=102 (full 0):
 garbage-first heap   total 228352K, used 183060K [0x0000000080000000, 0x0000000100000000)
  region size 1024K, 44 young (45056K), 2 survivors (2048K)
 Metaspace       used 121350K, capacity 125194K, committed 125312K, reserved 1157120K
  class space    used 15302K, capacity 16687K, committed 16768K, reserved 1048576K
}
Event: 19043.223 GC heap after
{Heap after GC invocations=103 (full 0):
 garbage-first heap   total 228352K, used 139369K [0x0000000080000000, 0x0000000100000000)
  region size 1024K, 1 young (1024K), 1 survivors (1024K)
 Metaspace       used 121350K, capacity 125194K, committed 125312K, reserved 1157120K
  class space    used 15302K, capacity 16687K, committed 16768K, reserved 1048576K
}
Event: 19043.423 GC heap before
{Heap before GC invocations=103 (full 0):
 garbage-first heap   total 228352K, used 186473K [0x0000000080000000, 0x0000000100000000)
  region size 1024K, 47 young (48128K), 1 survivors (1024K)
 Metaspace       used 121356K, capacity 125194K, committed 125312K, reserved 1157120K
  class space    used 15302K, capacity 16687K, committed 16768K, reserved 1048576K
}
Event: 19043.432 GC heap after
{Heap after GC invocations=104 (full 0):
 garbage-first heap   total 228352K, used 139329K [0x0000000080000000, 0x0000000100000000)
  region size 1024K, 1 young (1024K), 1 survivors (1024K)
 Metaspace       used 121356K, capacity 125194K, committed 125312K, reserved 1157120K
  class space    used 15302K, capacity 16687K, committed 16768K, reserved 1048576K
}
Event: 19043.533 GC heap before
{Heap before GC invocations=105 (full 0):
 garbage-first heap   total 228352K, used 189505K [0x0000000080000000, 0x0000000100000000)
  region size 1024K, 50 young (51200K), 1 survivors (1024K)
 Metaspace       used 121356K, capacity 125194K, committed 125312K, reserved 1157120K
  class space    used 15302K, capacity 16687K, committed 16768K, reserved 1048576K
}
Event: 19043.535 GC heap after
{Heap after GC invocations=106 (full 0):
 garbage-first heap   total 228352K, used 139323K [0x0000000080000000, 0x0000000100000000)
  region size 1024K, 1 young (1024K), 1 survivors (1024K)
 Metaspace       used 121356K, capacity 125194K, committed 125312K, reserved 1157120K
  class space    used 15302K, capacity 16687K, committed 16768K, reserved 1048576K
}
Event: 19043.580 GC heap before
{Heap before GC invocations=106 (full 0):
 garbage-first heap   total 228352K, used 149563K [0x0000000080000000, 0x0000000100000000)
  region size 1024K, 11 young (11264K), 1 survivors (1024K)
 Metaspace       used 121359K, capacity 125195K, committed 125312K, reserved 1157120K
  class space    used 15302K, capacity 16687K, committed 16768K, reserved 1048576K
}
Event: 19043.587 GC heap after
{Heap after GC invocations=107 (full 0):
 garbage-first heap   total 228352K, used 138124K [0x0000000080000000, 0x0000000100000000)
  region size 1024K, 1 young (1024K), 1 survivors (1024K)
 Metaspace       used 121359K, capacity 125195K, committed 125312K, reserved 1157120K
  class space    used 15302K, capacity 16687K, committed 16768K, reserved 1048576K
}
Event: 19043.743 GC heap before
{Heap before GC invocations=107 (full 0):
 garbage-first heap   total 228352K, used 152460K [0x0000000080000000, 0x0000000100000000)
  region size 1024K, 17 young (17408K), 1 survivors (1024K)
 Metaspace       used 121444K, capacity 125329K, committed 125568K, reserved 1159168K
  class space    used 15309K, capacity 16689K, committed 16768K, reserved 1048576K
}
Event: 19043.760 GC heap after
{Heap after GC invocations=108 (full 0):
 garbage-first heap   total 228352K, used 145570K [0x0000000080000000, 0x0000000100000000)
  region size 1024K, 7 young (7168K), 7 survivors (7168K)
 Metaspace       used 121444K, capacity 125329K, committed 125568K, reserved 1159168K
  class space    used 15309K, capacity 16689K, committed 16768K, reserved 1048576K
}
Event: 19044.021 GC heap before
{Heap before GC invocations=108 (full 0):
 garbage-first heap   total 228352K, used 209058K [0x0000000080000000, 0x0000000100000000)
  region size 1024K, 44 young (45056K), 7 survivors (7168K)
 Metaspace       used 121915K, capacity 125807K, committed 126080K, reserved 1159168K
  class space    used 15342K, capacity 16733K, committed 16768K, reserved 1048576K
}
Event: 19044.032 GC heap after
{Heap after GC invocations=109 (full 0):
 garbage-first heap   total 228352K, used 151303K [0x0000000080000000, 0x0000000100000000)
  region size 1024K, 6 young (6144K), 6 survivors (6144K)
 Metaspace       used 121915K, capacity 125807K, committed 126080K, reserved 1159168K
  class space    used 15342K, capacity 16733K, committed 16768K, reserved 1048576K
}
Event: 19044.280 GC heap before
{Heap before GC invocations=109 (full 0):
 garbage-first heap   total 228352K, used 185095K [0x0000000080000000, 0x0000000100000000)
  region size 1024K, 40 young (40960K), 6 survivors (6144K)
 Metaspace       used 124833K, capacity 128681K, committed 128896K, reserved 1161216K
  class space    used 15589K, capacity 17021K, committed 17024K, reserved 1048576K
}
Event: 19044.296 GC heap after
{Heap after GC invocations=110 (full 0):
 garbage-first heap   total 228352K, used 156584K [0x0000000080000000, 0x0000000100000000)
  region size 1024K, 5 young (5120K), 5 survivors (5120K)
 Metaspace       used 124833K, capacity 128681K, committed 128896K, reserved 1161216K
  class space    used 15589K, capacity 17021K, committed 17024K, reserved 1048576K
}
Event: 19044.424 GC heap before
{Heap before GC invocations=111 (full 0):
 garbage-first heap   total 228352K, used 188328K [0x0000000080000000, 0x0000000100000000)
  region size 1024K, 37 young (37888K), 5 survivors (5120K)
 Metaspace       used 125193K, capacity 129097K, committed 129280K, reserved 1161216K
  class space    used 15611K, capacity 17053K, committed 17152K, reserved 1048576K
}
Event: 19044.430 GC heap after
{Heap after GC invocations=112 (full 0):
 garbage-first heap   total 228352K, used 160165K [0x0000000080000000, 0x0000000100000000)
  region size 1024K, 4 young (4096K), 4 survivors (4096K)
 Metaspace       used 125193K, capacity 129097K, committed 129280K, reserved 1161216K
  class space    used 15611K, capacity 17053K, committed 17152K, reserved 1048576K
}
Event: 19044.445 GC heap before
{Heap before GC invocations=112 (full 0):
 garbage-first heap   total 228352K, used 167333K [0x0000000080000000, 0x0000000100000000)
  region size 1024K, 11 young (11264K), 4 survivors (4096K)
 Metaspace       used 125238K, capacity 129097K, committed 129280K, reserved 1161216K
  class space    used 15614K, capacity 17053K, committed 17152K, reserved 1048576K
}

